<?xml version="1.0" encoding="UTF-8"?>
<testng-results skipped="0" failed="1" total="7" passed="6">
  <reporter-output>
  </reporter-output>
  <suite name="suiteM" duration-ms="26231" started-at="2018-04-19T10:22:47Z" finished-at="2018-04-19T10:23:13Z">
    <groups>
      <group name="testb">
        <method signature="JdongTest.addpro(java.lang.String)[pri:2, instance:comm.JdongTest@19dfb72a]" name="addpro" class="comm.JdongTest"/>
        <method signature="JdongTest.delePro()[pri:0, instance:comm.JdongTest@19dfb72a]" name="delePro" class="comm.JdongTest"/>
      </group> <!-- testb -->
      <group name="testc">
        <method signature="JdongTest.f(java.lang.Integer, java.lang.String)[pri:0, instance:comm.JdongTest@19dfb72a]" name="f" class="comm.JdongTest"/>
      </group> <!-- testc -->
      <group name="testa">
        <method signature="JdongTest.loanLg(java.lang.String, java.lang.String)[pri:1, instance:comm.JdongTest@19dfb72a]" name="loanLg" class="comm.JdongTest"/>
        <method signature="JdongTest.returnurl()[pri:0, instance:comm.JdongTest@19dfb72a]" name="returnurl" class="comm.JdongTest"/>
      </group> <!-- testa -->
    </groups>
    <test name="Test" duration-ms="26231" started-at="2018-04-19T10:22:47Z" finished-at="2018-04-19T10:23:13Z">
      <class name="comm.JdongTest">
        <test-method status="PASS" signature="beforeSuite()[pri:0, instance:comm.JdongTest@19dfb72a]" name="beforeSuite" is-config="true" duration-ms="39" started-at="2018-04-19T18:22:47Z" finished-at="2018-04-19T18:22:47Z">
          <reporter-output>
          </reporter-output>
        </test-method> <!-- beforeSuite -->
        <test-method status="PASS" signature="beforeTest()[pri:0, instance:comm.JdongTest@19dfb72a]" name="beforeTest" is-config="true" duration-ms="1" started-at="2018-04-19T18:22:47Z" finished-at="2018-04-19T18:22:47Z">
          <reporter-output>
          </reporter-output>
        </test-method> <!-- beforeTest -->
        <test-method status="PASS" signature="beforeClass()[pri:0, instance:comm.JdongTest@19dfb72a]" name="beforeClass" is-config="true" duration-ms="20166" started-at="2018-04-19T18:22:47Z" finished-at="2018-04-19T18:23:07Z">
          <reporter-output>
          </reporter-output>
        </test-method> <!-- beforeClass -->
        <test-method status="PASS" signature="f(java.lang.Integer, java.lang.String)[pri:0, instance:comm.JdongTest@19dfb72a]" name="f" duration-ms="9" started-at="2018-04-19T18:23:07Z" data-provider="dp" finished-at="2018-04-19T18:23:07Z">
          <params>
            <param index="0">
              <value>
                <![CDATA[1]]>
              </value>
            </param>
            <param index="1">
              <value>
                <![CDATA[a]]>
              </value>
            </param>
          </params>
          <reporter-output>
          </reporter-output>
        </test-method> <!-- f -->
        <test-method status="PASS" signature="beforeMethod()[pri:0, instance:comm.JdongTest@19dfb72a]" name="beforeMethod" is-config="true" duration-ms="0" started-at="2018-04-19T18:23:07Z" finished-at="2018-04-19T18:23:07Z">
          <reporter-output>
          </reporter-output>
        </test-method> <!-- beforeMethod -->
        <test-method status="PASS" signature="afterMethod()[pri:0, instance:comm.JdongTest@19dfb72a]" name="afterMethod" is-config="true" duration-ms="0" started-at="2018-04-19T18:23:07Z" finished-at="2018-04-19T18:23:07Z">
          <reporter-output>
          </reporter-output>
        </test-method> <!-- afterMethod -->
        <test-method status="PASS" signature="beforeMethod()[pri:0, instance:comm.JdongTest@19dfb72a]" name="beforeMethod" is-config="true" duration-ms="0" started-at="2018-04-19T18:23:07Z" finished-at="2018-04-19T18:23:07Z">
          <reporter-output>
          </reporter-output>
        </test-method> <!-- beforeMethod -->
        <test-method status="PASS" signature="f(java.lang.Integer, java.lang.String)[pri:0, instance:comm.JdongTest@19dfb72a]" name="f" duration-ms="2" started-at="2018-04-19T18:23:07Z" data-provider="dp" finished-at="2018-04-19T18:23:07Z">
          <params>
            <param index="0">
              <value>
                <![CDATA[2]]>
              </value>
            </param>
            <param index="1">
              <value>
                <![CDATA[b]]>
              </value>
            </param>
          </params>
          <reporter-output>
          </reporter-output>
        </test-method> <!-- f -->
        <test-method status="PASS" signature="afterMethod()[pri:0, instance:comm.JdongTest@19dfb72a]" name="afterMethod" is-config="true" duration-ms="0" started-at="2018-04-19T18:23:07Z" finished-at="2018-04-19T18:23:07Z">
          <reporter-output>
          </reporter-output>
        </test-method> <!-- afterMethod -->
        <test-method status="PASS" signature="beforeMethod()[pri:0, instance:comm.JdongTest@19dfb72a]" name="beforeMethod" is-config="true" duration-ms="0" started-at="2018-04-19T18:23:07Z" finished-at="2018-04-19T18:23:07Z">
          <reporter-output>
          </reporter-output>
        </test-method> <!-- beforeMethod -->
        <test-method status="PASS" signature="returnurl()[pri:0, instance:comm.JdongTest@19dfb72a]" name="returnurl" duration-ms="29" started-at="2018-04-19T18:23:07Z" finished-at="2018-04-19T18:23:07Z">
          <reporter-output>
          </reporter-output>
        </test-method> <!-- returnurl -->
        <test-method status="PASS" signature="afterMethod()[pri:0, instance:comm.JdongTest@19dfb72a]" name="afterMethod" is-config="true" duration-ms="0" started-at="2018-04-19T18:23:07Z" finished-at="2018-04-19T18:23:07Z">
          <reporter-output>
          </reporter-output>
        </test-method> <!-- afterMethod -->
        <test-method status="PASS" signature="beforeMethod()[pri:0, instance:comm.JdongTest@19dfb72a]" name="beforeMethod" is-config="true" duration-ms="0" started-at="2018-04-19T18:23:07Z" finished-at="2018-04-19T18:23:07Z">
          <reporter-output>
          </reporter-output>
        </test-method> <!-- beforeMethod -->
        <test-method status="PASS" signature="loanLg(java.lang.String, java.lang.String)[pri:1, instance:comm.JdongTest@19dfb72a]" name="loanLg" duration-ms="2761" started-at="2018-04-19T18:23:07Z" data-provider="loanParam" finished-at="2018-04-19T18:23:10Z">
          <params>
            <param index="0">
              <value>
                <![CDATA[test]]>
              </value>
            </param>
            <param index="1">
              <value>
                <![CDATA[111111]]>
              </value>
            </param>
          </params>
          <reporter-output>
          </reporter-output>
        </test-method> <!-- loanLg -->
        <test-method status="PASS" signature="afterMethod()[pri:0, instance:comm.JdongTest@19dfb72a]" name="afterMethod" is-config="true" duration-ms="0" started-at="2018-04-19T18:23:10Z" finished-at="2018-04-19T18:23:10Z">
          <reporter-output>
          </reporter-output>
        </test-method> <!-- afterMethod -->
        <test-method status="PASS" signature="beforeMethod()[pri:0, instance:comm.JdongTest@19dfb72a]" name="beforeMethod" is-config="true" duration-ms="3" started-at="2018-04-19T18:23:10Z" finished-at="2018-04-19T18:23:10Z">
          <reporter-output>
          </reporter-output>
        </test-method> <!-- beforeMethod -->
        <test-method status="PASS" signature="addpro(java.lang.String)[pri:2, instance:comm.JdongTest@19dfb72a]" name="addpro" duration-ms="2095" depends-on-groups="testa" started-at="2018-04-19T18:23:10Z" data-provider="test" finished-at="2018-04-19T18:23:12Z">
          <params>
            <param index="0">
              <value>
                <![CDATA[testc14331]]>
              </value>
            </param>
          </params>
          <reporter-output>
          </reporter-output>
        </test-method> <!-- addpro -->
        <test-method status="PASS" signature="afterMethod()[pri:0, instance:comm.JdongTest@19dfb72a]" name="afterMethod" is-config="true" duration-ms="0" started-at="2018-04-19T18:23:12Z" finished-at="2018-04-19T18:23:12Z">
          <reporter-output>
          </reporter-output>
        </test-method> <!-- afterMethod -->
        <test-method status="FAIL" signature="delePro()[pri:0, instance:comm.JdongTest@19dfb72a]" name="delePro" duration-ms="76" started-at="2018-04-19T18:23:12Z" depends-on-methods="comm.JdongTest.addpro" finished-at="2018-04-19T18:23:12Z">
          <exception class="org.openqa.selenium.InvalidSelectorException">
            <message>
              <![CDATA[The given selector .el-table__row hover-row>td:nth-type-of(4)>.cell>button :nth-type-of(1) is either invalid or does not result in a WebElement. The following error occurred:
InvalidSelectorError: An invalid or illegal selector was specified
Command duration or timeout: 0 milliseconds]]>
            </message>
            <full-stacktrace>
              <![CDATA[org.openqa.selenium.InvalidSelectorException: The given selector .el-table__row hover-row>td:nth-type-of(4)>.cell>button :nth-type-of(1) is either invalid or does not result in a WebElement. The following error occurred:
InvalidSelectorError: An invalid or illegal selector was specified
Command duration or timeout: 0 milliseconds
	at sun.reflect.NativeConstructorAccessorImpl.newInstance0(Native Method)
	at sun.reflect.NativeConstructorAccessorImpl.newInstance(Unknown Source)
	at sun.reflect.DelegatingConstructorAccessorImpl.newInstance(Unknown Source)
	at java.lang.reflect.Constructor.newInstance(Unknown Source)
	at org.openqa.selenium.remote.ErrorHandler.createThrowable(ErrorHandler.java:214)
	at org.openqa.selenium.remote.ErrorHandler.throwIfResponseFailed(ErrorHandler.java:166)
	at org.openqa.selenium.remote.http.JsonHttpResponseCodec.reconstructValue(JsonHttpResponseCodec.java:40)
	at org.openqa.selenium.remote.http.AbstractHttpResponseCodec.decode(AbstractHttpResponseCodec.java:80)
	at org.openqa.selenium.remote.http.AbstractHttpResponseCodec.decode(AbstractHttpResponseCodec.java:44)
	at org.openqa.selenium.remote.HttpCommandExecutor.execute(HttpCommandExecutor.java:160)
	at org.openqa.selenium.remote.service.DriverCommandExecutor.execute(DriverCommandExecutor.java:83)
	at org.openqa.selenium.remote.RemoteWebDriver.execute(RemoteWebDriver.java:601)
	at org.openqa.selenium.remote.RemoteWebDriver.findElement(RemoteWebDriver.java:371)
	at org.openqa.selenium.remote.RemoteWebDriver.findElementByCssSelector(RemoteWebDriver.java:465)
	at org.openqa.selenium.By$ByCssSelector.findElement(By.java:430)
	at org.openqa.selenium.remote.RemoteWebDriver.findElement(RemoteWebDriver.java:363)
	at comm.loanL.delePro(loanL.java:68)
	at comm.JdongTest.delePro(JdongTest.java:130)
	at sun.reflect.NativeMethodAccessorImpl.invoke0(Native Method)
	at sun.reflect.NativeMethodAccessorImpl.invoke(Unknown Source)
	at sun.reflect.DelegatingMethodAccessorImpl.invoke(Unknown Source)
	at java.lang.reflect.Method.invoke(Unknown Source)
	at org.testng.internal.MethodInvocationHelper.invokeMethod(MethodInvocationHelper.java:85)
	at org.testng.internal.Invoker.invokeMethod(Invoker.java:639)
	at org.testng.internal.Invoker.invokeTestMethod(Invoker.java:816)
	at org.testng.internal.Invoker.invokeTestMethods(Invoker.java:1124)
	at org.testng.internal.TestMethodWorker.invokeTestMethods(TestMethodWorker.java:125)
	at org.testng.internal.TestMethodWorker.run(TestMethodWorker.java:108)
	at java.util.concurrent.ThreadPoolExecutor.runWorker(Unknown Source)
	at java.util.concurrent.ThreadPoolExecutor$Worker.run(Unknown Source)
	at java.lang.Thread.run(Unknown Source)
Caused by: org.openqa.selenium.InvalidSelectorException: The given selector .el-table__row hover-row>td:nth-type-of(4)>.cell>button :nth-type-of(1) is either invalid or does not result in a WebElement. The following error occurred:
InvalidSelectorError: An invalid or illegal selector was specified
For documentation on this error, please visit: http://seleniumhq.org/exceptions/invalid_selector_exception.html
Build info: version: '3.9.1', revision: '63f7b50', time: '2018-02-07T22:42:28.403Z'
System info: host: 'CE-20150821IBGT', ip: '10.36.40.91', os.name: 'Windows 7', os.arch: 'amd64', os.version: '6.1', java.version: '1.8.0_141'
Driver info: driver.version: unknown
	at <anonymous class>.FirefoxDriver.annotateInvalidSelectorError_(file:///C:/Users/ADMINI~1/AppData/Local/Temp/anonymous7678910908640829723webdriver-profile/extensions/fxdriver@googlecode.com/components/driver-component.js:11858)
	at <anonymous class>.FirefoxDriver.prototype.findElementInternal_(file:///C:/Users/ADMINI~1/AppData/Local/Temp/anonymous7678910908640829723webdriver-profile/extensions/fxdriver@googlecode.com/components/driver-component.js:11889)
	at <anonymous class>.FirefoxDriver.prototype.findElement(file:///C:/Users/ADMINI~1/AppData/Local/Temp/anonymous7678910908640829723webdriver-profile/extensions/fxdriver@googlecode.com/components/driver-component.js:11893)
	at <anonymous class>.DelayedCommand.prototype.executeInternal_/k(file:///C:/Users/ADMINI~1/AppData/Local/Temp/anonymous7678910908640829723webdriver-profile/extensions/fxdriver@googlecode.com/components/command-processor.js:13378)
	at <anonymous class>.DelayedCommand.prototype.executeInternal_(file:///C:/Users/ADMINI~1/AppData/Local/Temp/anonymous7678910908640829723webdriver-profile/extensions/fxdriver@googlecode.com/components/command-processor.js:13383)
	at <anonymous class>.DelayedCommand.prototype.execute/<(file:///C:/Users/ADMINI~1/AppData/Local/Temp/anonymous7678910908640829723webdriver-profile/extensions/fxdriver@googlecode.com/components/command-processor.js:13325)
]]>
            </full-stacktrace>
          </exception> <!-- org.openqa.selenium.InvalidSelectorException -->
          <reporter-output>
          </reporter-output>
        </test-method> <!-- delePro -->
        <test-method status="PASS" signature="beforeMethod()[pri:0, instance:comm.JdongTest@19dfb72a]" name="beforeMethod" is-config="true" duration-ms="0" started-at="2018-04-19T18:23:12Z" finished-at="2018-04-19T18:23:12Z">
          <reporter-output>
          </reporter-output>
        </test-method> <!-- beforeMethod -->
        <test-method status="PASS" signature="afterMethod()[pri:0, instance:comm.JdongTest@19dfb72a]" name="afterMethod" is-config="true" duration-ms="0" started-at="2018-04-19T18:23:12Z" finished-at="2018-04-19T18:23:12Z">
          <reporter-output>
          </reporter-output>
        </test-method> <!-- afterMethod -->
        <test-method status="PASS" signature="afterClass()[pri:0, instance:comm.JdongTest@19dfb72a]" name="afterClass" is-config="true" duration-ms="1006" started-at="2018-04-19T18:23:12Z" finished-at="2018-04-19T18:23:13Z">
          <reporter-output>
          </reporter-output>
        </test-method> <!-- afterClass -->
        <test-method status="PASS" signature="afterTest()[pri:0, instance:comm.JdongTest@19dfb72a]" name="afterTest" is-config="true" duration-ms="0" started-at="2018-04-19T18:23:13Z" finished-at="2018-04-19T18:23:13Z">
          <reporter-output>
          </reporter-output>
        </test-method> <!-- afterTest -->
        <test-method status="PASS" signature="afterSuite()[pri:0, instance:comm.JdongTest@19dfb72a]" name="afterSuite" is-config="true" duration-ms="0" started-at="2018-04-19T18:23:13Z" finished-at="2018-04-19T18:23:13Z">
          <reporter-output>
          </reporter-output>
        </test-method> <!-- afterSuite -->
      </class> <!-- comm.JdongTest -->
      <class name="Metria.TestMetr">
        <test-method status="PASS" signature="Befclass()[pri:0, instance:Metria.TestMetr@17c68925]" name="Befclass" is-config="true" duration-ms="20589" started-at="2018-04-19T18:22:47Z" finished-at="2018-04-19T18:23:07Z">
          <reporter-output>
          </reporter-output>
        </test-method> <!-- Befclass -->
        <test-method status="PASS" signature="lgin(java.lang.String, java.lang.String)[pri:0, instance:Metria.TestMetr@17c68925]" name="lgin" duration-ms="837" started-at="2018-04-19T18:23:07Z" data-provider="loanParam" finished-at="2018-04-19T18:23:08Z">
          <params>
            <param index="0">
              <value>
                <![CDATA[admin]]>
              </value>
            </param>
            <param index="1">
              <value>
                <![CDATA[111111]]>
              </value>
            </param>
          </params>
          <reporter-output>
          </reporter-output>
        </test-method> <!-- lgin -->
        <test-method status="PASS" signature="after()[pri:0, instance:Metria.TestMetr@17c68925]" name="after" is-config="true" duration-ms="701" started-at="2018-04-19T18:23:08Z" finished-at="2018-04-19T18:23:09Z">
          <reporter-output>
          </reporter-output>
        </test-method> <!-- after -->
      </class> <!-- Metria.TestMetr -->
    </test> <!-- Test -->
  </suite> <!-- suiteM -->
</testng-results>
