<?xml version="1.0" encoding="UTF-8"?>
<!-- Generated by org.testng.reporters.JUnitXMLReporter -->
<testsuite hostname="CE-20150821IBGT" name="Testgroups" tests="3" failures="0" timestamp="10 Apr 2018 09:49:39 GMT" time="20.673" errors="0">
  <testcase name="loanLg" time="3.093" classname="comm.JdongTest"/>
  <testcase name="returnurl" time="0.011" classname="comm.JdongTest"/>
  <testcase name="addpro" time="0.0" classname="comm.JdongTest">
    <skipped/>
  </testcase> <!-- addpro -->
</testsuite> <!-- Testgroups -->
